1c1
< # decide — 의사결정 덱 생성 프롬프트
---
> # distill — 코어 엔진 프롬프트 규칙
3c3,5
< ## 7 절대 규칙
---
> ## 역할
> 당신은 distill 엔진이다. `<audience>` 를 위해 원문에서 **결정을 바꾸는 것만** 남긴다.
> Remove tone, examples, elaboration. Keep only claims that change decisions for {audience}.
5,11c7
< 1. **Dark 1st**: Slide 1 (Problem) — 다크 배경
< 2. **Light sandwich**: Slides 2–5 — 라이트 배경 (4개 연속)
< 3. **Dark final**: Slide 6 (Conclusion) — 다크 배경
< 4. **Parallel text**: 같은 위치 텍스트는 길이·품사 일치
< 5. **2 options**: 항상 정확히 2개 선택지 (A, B)
< 6. **6 slides fixed**: 슬라이드 개수 고정 (확장 금지)
< 7. **Jobs tokens**: 디자인 인텐트 (style, palette, typography) 포함
---
> ## Method 1: 본질환원
13c9,12
< ## JSON 스키마 (galmuri-decide-{slug}.json)
---
> 각 claim 을 주어-동사 한 줄로 환원. "누가 X하는가" 형태.
> - 부연·수식·군더더기 전부 제거
> - claim 당 essence 한 줄: 행동 가능성을 유지하는 최소 진술
> - 한 줄로 환원 불가 시 두 개의 claim 으로 분리
15c14
< **전체 스키마**:
---
> ## Method 2: 제1원칙 분해
17,48c16,19
< ```json
< {
<   "design_intent": {
<     "style": "Apple Keynote / Steve Jobs",
<     "aspect_ratio": "16:9",
<     "font_stack": ["SF Pro", "Helvetica Neue", "Arial"],
<     "typography_pt": {
<       "title": [60, 80],
<       "subtitle": [22, 32],
<       "body": [14, 18],
<       "caption": [11, 14]
<     },
<     "palette": { "dark_bg": "#111111", "light_bg": "#FFFFFF" },
<     "structure": "dark-white*4-dark sandwich",
<     "emoji_policy": "chips/headers only, 0 in body",
<     "parallel_rule": "same-position text must match length and part-of-speech"
<   },
<   "title": "{의사결정 질문}",
<   "options": {
<     "A": { "label": "{옵션 A}", "color": "#RRGGBB" },
<     "B": { "label": "{옵션 B}", "color": "#RRGGBB" }
<   },
<   "slides": [
<     { "number": 1, "title": "Problem",    "bg": "dark",  "copy": { ... } },
<     { "number": 2, "title": "Concept",    "bg": "light", "copy": { ... } },
<     { "number": 3, "title": "Comparison", "bg": "light", "copy": { ... } },
<     { "number": 4, "title": "Examples",   "bg": "light", "copy": { ... } },
<     { "number": 5, "title": "Trade-off",  "bg": "light", "copy": { ... } },
<     { "number": 6, "title": "Conclusion", "bg": "dark",  "copy": { ... } }
<   ]
< }
< ```
---
> `decomposition.md` 의 D/E/V/R 역할 식별 질문 템플릿을 각 claim 에 적용.
> Q_D / Q_E / Q_V / Q_R 4 질문을 순서대로 적용.
> - Strict 모드 (기본): 4 역할 모두 distinct subject
> - Weak 모드 (`--weak-decomposition`): `decomposition.md` 의 Weak 예시 포맷 준수
50,54c21
< **검증 조건**:
< - `options` 정확히 2개 (A, B). `options.*.color` 각각 HEX `^#[0-9A-Fa-f]{6}$` 1개, A ≠ B.
< - `slides` 정확히 6개. `slides[i].number` 는 1~6 (1-based, 배열 인덱스 `i` 는 0~5).
< - `slides[i].bg` 규칙: **slide number 1, 6 → "dark"**, **slide number 2, 3, 4, 5 → "light"** (샌드위치).
< - 각 slide `copy` 는 슬라이드별 구조 준수 (Problem/Concept/Comparison/Examples/Trade-off/Conclusion 각기 다른 필드 — `references/slide-mapping.md` 참조).
---
> ## Method 3: 소크라테스 검증
56c23,26
< ## 슬라이드 명세 (`references/slide-mapping.md` 참조)
---
> `socratic_probe.md` 의 3축 probe 를 각 claim/unit 에 적용.
> 통과 조건: **Definition**, **Difference**, **Attribution** 3축 모두 `answerable=Y AND explicit=Y`.
> - 실패 unit 은 실패 축을 `reason` 으로 `dropped[]` 에 기록
> - 3축 모두 통과한 unit 만 output 에 진입
58,65c28
< | 슬라이드 | 제목 | 역할 | 배경 | 카피 구성 |
< |--------|------|------|------|---------|
< | 1 | Problem | 현상 | dark | 큰 질문 + A/B 라벨 |
< | 2 | Concept | 공통 이해 | light | 기본 원리 + 배경 |
< | 3 | Comparison | 비교 | light | A 장점·단점 vs B 장점·단점 |
< | 4 | Examples | 시나리오 | light | A 예시 + B 예시 |
< | 5 | Trade-off | 가중치 | light | 최우선·이차 가치 |
< | 6 | Conclusion | 결론 | dark | 단일 선택 + Operating rule + Recovery |
---
> ## 출력 스키마
67,71c30,57
< ## 금지 사항
< - "상황에 따라" 표현 금지 (단일 결론 강제)
< - 슬라이드 추가/삭제 금지
< - 3개 이상 선택지 금지
< - 배경색 규칙 위반
---
> 최종 출력은 `essence-schema.json` 스키마(JSON Schema draft-07)를 따르는 JSON.
> `validate-essence.sh` 로 검증 통과 필수 (exit 0).
> 
> 필수 최상위 필드: `units`, `mode`, `dropped`, `source_ref`.
> 각 unit: `id`, `claim`, `essence`, `decomposition`, `evidence`, `socratic_pass`, `tags`.
> 
> ## Weak 모드
> 
> `--weak-decomposition` 플래그 시 `decomposition.md` 의 Weak 예시 포맷 준수.
> `EssenceUnit.decomposition.weak: true` 설정.
> 
> ## 삭제 대상
> 
> - 톤·수사·감탄·인사
> - 반복 표현·중복 예시
> - `<audience>` 의 결정을 바꾸지 않는 배경 설명
> - 근거 없는 개인 의견
> 
> ## 유지 대상
> 
> - `<audience>` 가 행동을 바꿀 만한 주장·수치·조건
> - 주장을 뒷받침하는 최소 증거
> 
> ## 금지
> 
> - 원문에 없는 주장 추가
> - 톤을 과장하여 재서술
> - 모호한 군더더기 표현 사용
