1c1
< # Socratic Probe — 18 Questions Template
---
> # Socratic Probe — Questions Template
3c3,4
< > 6 slides × 3 axes (Definition / Difference / Attribution) = 18 questions
---
> > N units × 3 axes (Definition / Difference / Attribution) = 3N questions
> > (For deck presets: N = core_length + 2; for other adapters: N = units.length)
9,10c10,11
< - **answerable**: Can this be answered from the slide text alone? (Y/N)
< - **explicit**: Is the answer literally written on the slide? (Y/N)
---
> - **answerable**: Can this be answered from the claim/unit text alone? (Y/N)
> - **explicit**: Is the answer literally written in the claim/unit? (Y/N)
24c25
< ## Slide 1 · Problem
---
> ## Unit · Problem
26c27
< - **Q1 Definition**: What is the one-line core question of this decision?
---
> - **Q1 Definition**: What is the one-line core question of this claim/unit?
30c31
< ## Slide 2 · Concept
---
> ## Unit · Concept
36c37
< ## Slide 3 · Comparison
---
> ## Unit · Comparison
42c43
< ## Slide 4 · Examples
---
> ## Unit · Examples
44,46c45,47
< - **Q1 Definition**: How is the decomposition applied in this example?
< - **Q2 Difference**: Does this example share structure with the others?
< - **Q3 Attribution**: In this example, who executes?
---
> - **Q1 Definition**: How is the decomposition applied in this claim/unit?
> - **Q2 Difference**: Does this claim/unit share structure with the others?
> - **Q3 Attribution**: In this claim/unit, who executes?
48c49
< ## Slide 5 · Trade-off
---
> ## Unit · Trade-off
54c55
< ## Slide 6 · Conclusion
---
> ## Unit · Conclusion
