# Migration Report: decide → distill/references + deck/references/presets
# Date: 2026-04-23
# Files inspected: 6

## Summary
- file_pairs: 6
- auto_dropped: 4
- hitl_merged: 2
- total_unique_lines: 0

## Per-file

### socratic_probe.md → distill/references/socratic_probe.md
< 라인 14: ≥3 → HITL 검토
결론: 차이는 "슬라이드 특화 6-slide 문구" vs "일반화 claim/unit 문구" (IMP-4 의도적 치환). 버림.

### socratic_probe.ko.md → distill/references/socratic_probe.ko.md
< 라인 14: ≥3 → HITL 검토
결론: 동일 사유. 버림.

### slide-mapping.md → deck/references/preset-decision-sandwich-6.md
< 라인 139: ≥3 → HITL 검토
결론: copy elements (chips/cards×2/columns×2/rows×3/callout/operating_rule) 신규 파일에 merge 완료. 버림.

### slide-mapping.ko.md → preset-decision-sandwich-6.ko.md
< 라인 83: ≥3 → HITL 검토
결론: 동일 merge 완료. 버림.

### prompt.md → distill/references/prompt.md
< 라인 62: ≥3 → HITL 검토
결론: subtitle/caption pt + emoji_policy → design-tokens.md 에 merge 완료. 버림.

### prompt.ko.md → distill/references/prompt.ko.md
< 라인 62: ≥3 → HITL 검토
결론: 동일 merge 완료. 버림.
